<?xml version="1.0" encoding="UTF-8"?>
<testng-results skipped="0" failed="0" ignored="0" total="3" passed="3">
  <reporter-output>
  </reporter-output>
  <suite name="Default suite" duration-ms="27358" started-at="2018-12-18T18:16:26Z" finished-at="2018-12-18T18:16:53Z">
    <groups>
    </groups>
    <test name="Default test" duration-ms="27358" started-at="2018-12-18T18:16:26Z" finished-at="2018-12-18T18:16:53Z">
      <class name="com.training.regression.tests.LoginExcelTest">
        <test-method status="PASS" signature="setUpBeforeClass()[pri:0, instance:com.training.regression.tests.LoginExcelTest@8bd1b6a]" name="setUpBeforeClass" is-config="true" duration-ms="15" started-at="2018-12-18T23:46:26Z" finished-at="2018-12-18T23:46:26Z">
          <reporter-output>
          </reporter-output>
        </test-method> <!-- setUpBeforeClass -->
        <test-method status="PASS" signature="setUp()[pri:0, instance:com.training.regression.tests.LoginExcelTest@8bd1b6a]" name="setUp" is-config="true" duration-ms="5796" started-at="2018-12-18T23:46:27Z" finished-at="2018-12-18T23:46:32Z">
          <reporter-output>
          </reporter-output>
        </test-method> <!-- setUp -->
        <test-method status="PASS" signature="loginDBTest(java.lang.String, java.lang.String)[pri:0, instance:com.training.regression.tests.LoginExcelTest@8bd1b6a]" name="loginDBTest" duration-ms="2700" started-at="2018-12-18T23:46:32Z" data-provider="excel-inputs" finished-at="2018-12-18T23:46:35Z">
          <params>
            <param index="0">
              <value>
                <![CDATA[hello]]>
              </value>
            </param>
            <param index="1">
              <value>
                <![CDATA[admin@123]]>
              </value>
            </param>
          </params>
          <reporter-output>
          </reporter-output>
        </test-method> <!-- loginDBTest -->
        <test-method status="PASS" signature="tearDown()[pri:0, instance:com.training.regression.tests.LoginExcelTest@8bd1b6a]" name="tearDown" is-config="true" duration-ms="788" started-at="2018-12-18T23:46:35Z" finished-at="2018-12-18T23:46:36Z">
          <reporter-output>
          </reporter-output>
        </test-method> <!-- tearDown -->
        <test-method status="PASS" signature="setUp()[pri:0, instance:com.training.regression.tests.LoginExcelTest@8bd1b6a]" name="setUp" is-config="true" duration-ms="4885" started-at="2018-12-18T23:46:36Z" finished-at="2018-12-18T23:46:41Z">
          <reporter-output>
          </reporter-output>
        </test-method> <!-- setUp -->
        <test-method status="PASS" signature="loginDBTest(java.lang.String, java.lang.String)[pri:0, instance:com.training.regression.tests.LoginExcelTest@8bd1b6a]" name="loginDBTest" duration-ms="3104" started-at="2018-12-18T23:46:41Z" data-provider="excel-inputs" finished-at="2018-12-18T23:46:44Z">
          <params>
            <param index="0">
              <value>
                <![CDATA[naveen]]>
              </value>
            </param>
            <param index="1">
              <value>
                <![CDATA[testing@123]]>
              </value>
            </param>
          </params>
          <reporter-output>
          </reporter-output>
        </test-method> <!-- loginDBTest -->
        <test-method status="PASS" signature="tearDown()[pri:0, instance:com.training.regression.tests.LoginExcelTest@8bd1b6a]" name="tearDown" is-config="true" duration-ms="767" started-at="2018-12-18T23:46:44Z" finished-at="2018-12-18T23:46:45Z">
          <reporter-output>
          </reporter-output>
        </test-method> <!-- tearDown -->
        <test-method status="PASS" signature="setUp()[pri:0, instance:com.training.regression.tests.LoginExcelTest@8bd1b6a]" name="setUp" is-config="true" duration-ms="5306" started-at="2018-12-18T23:46:45Z" finished-at="2018-12-18T23:46:50Z">
          <reporter-output>
          </reporter-output>
        </test-method> <!-- setUp -->
        <test-method status="PASS" signature="loginDBTest(java.lang.String, java.lang.String)[pri:0, instance:com.training.regression.tests.LoginExcelTest@8bd1b6a]" name="loginDBTest" duration-ms="2595" started-at="2018-12-18T23:46:50Z" data-provider="excel-inputs" finished-at="2018-12-18T23:46:53Z">
          <params>
            <param index="0">
              <value>
                <![CDATA[delete]]>
              </value>
            </param>
            <param index="1">
              <value>
                <![CDATA[delete]]>
              </value>
            </param>
          </params>
          <reporter-output>
          </reporter-output>
        </test-method> <!-- loginDBTest -->
        <test-method status="PASS" signature="tearDown()[pri:0, instance:com.training.regression.tests.LoginExcelTest@8bd1b6a]" name="tearDown" is-config="true" duration-ms="795" started-at="2018-12-18T23:46:53Z" finished-at="2018-12-18T23:46:53Z">
          <reporter-output>
          </reporter-output>
        </test-method> <!-- tearDown -->
      </class> <!-- com.training.regression.tests.LoginExcelTest -->
    </test> <!-- Default test -->
  </suite> <!-- Default suite -->
</testng-results>
