<?xml version="1.0" encoding="UTF-8"?>
<!-- Generated by org.testng.reporters.JUnitXMLReporter -->
<testsuite hostname="DESKTOP-4QCETN2" ignored="0" name="Default test" tests="3" failures="0" timestamp="18 Dec 2018 18:16:53 GMT" time="27.358" errors="0">
  <testcase name="loginDBTest" time="2.7" classname="com.training.regression.tests.LoginExcelTest"/>
  <testcase name="loginDBTest" time="3.104" classname="com.training.regression.tests.LoginExcelTest"/>
  <testcase name="loginDBTest" time="2.595" classname="com.training.regression.tests.LoginExcelTest"/>
</testsuite> <!-- Default test -->
