<?xml version="1.0" encoding="UTF-8"?>
<!-- Generated by org.testng.reporters.JUnitReportReporter -->
<testsuite skipped="0" hostname="DESKTOP-4QCETN2" name="com.training.regression.tests.LoginDBTest" tests="3" failures="0" timestamp="18 Dec 2018 11:21:38 GMT" time="39.034" errors="0">
  <testcase name="loginDBTest" time="14.374" classname="com.training.regression.tests.LoginDBTest"/>
  <testcase name="loginDBTest" time="12.040" classname="com.training.regression.tests.LoginDBTest"/>
  <testcase name="loginDBTest" time="12.620" classname="com.training.regression.tests.LoginDBTest"/>
</testsuite> <!-- com.training.regression.tests.LoginDBTest -->
