<?xml version="1.0" encoding="UTF-8"?>
<!-- Generated by org.testng.reporters.JUnitReportReporter -->
<testsuite skipped="0" hostname="DESKTOP-4QCETN2" name="com.training.regression.tests.LoginXLSTest" tests="4" failures="0" timestamp="18 Dec 2018 17:27:54 GMT" time="40.412" errors="0">
  <testcase name="loginDBTest" time="9.865" classname="com.training.regression.tests.LoginXLSTest"/>
  <testcase name="loginDBTest" time="10.640" classname="com.training.regression.tests.LoginXLSTest"/>
  <testcase name="loginDBTest" time="9.510" classname="com.training.regression.tests.LoginXLSTest"/>
  <testcase name="loginDBTest" time="10.397" classname="com.training.regression.tests.LoginXLSTest"/>
</testsuite> <!-- com.training.regression.tests.LoginXLSTest -->
