<?xml version="1.0" encoding="UTF-8"?>
<!-- Generated by org.testng.reporters.JUnitReportReporter -->
<testsuite skipped="0" hostname="DESKTOP-4QCETN2" name="com.training.regression.tests.LoginExcelTest" tests="3" failures="0" timestamp="18 Dec 2018 18:16:54 GMT" time="26.736" errors="0">
  <testcase name="loginDBTest" time="9.695" classname="com.training.regression.tests.LoginExcelTest"/>
  <testcase name="loginDBTest" time="8.689" classname="com.training.regression.tests.LoginExcelTest"/>
  <testcase name="loginDBTest" time="8.352" classname="com.training.regression.tests.LoginExcelTest"/>
</testsuite> <!-- com.training.regression.tests.LoginExcelTest -->
