<?xml version="1.0" encoding="UTF-8"?>
<!-- Generated by org.testng.reporters.JUnitXMLReporter -->
<testsuite hostname="DESKTOP-4QCETN2" ignored="0" name="Sample test" tests="1" failures="1" timestamp="17 Dec 2018 18:58:45 GMT" time="0.294" errors="0">
  <testcase name="loginDBTest" time="0.274" classname="com.training.regression.tests.LoginDBTest">
    <failure type="org.testng.internal.reflect.MethodMatcherException" message="
Data provider mismatch
Method: loginDBTest([Parameter{index=0, type=com.training.bean.LoginBean, declaredAnnotations=[]}])
Arguments: [([Ljava.lang.Object;)[Ljava.lang.Object;@63440df3]">
      <![CDATA[org.testng.internal.reflect.MethodMatcherException: 
Data provider mismatch
Method: loginDBTest([Parameter{index=0, type=com.training.bean.LoginBean, declaredAnnotations=[]}])
Arguments: [([Ljava.lang.Object;)[Ljava.lang.Object;@63440df3]
... Removed 20 stack frames]]>
    </failure>
  </testcase> <!-- loginDBTest -->
</testsuite> <!-- Sample test -->
